2026/01/31 23:34:14 [emerg] 1#1: host not found in upstream "golang-app:8080" in /etc/nginx/nginx.conf:7
2026/01/31 23:34:14 [emerg] 1#1: host not found in upstream "golang-app:8080" in /etc/nginx/nginx.conf:7
2026/01/31 23:34:15 [emerg] 1#1: host not found in upstream "golang-app:8080" in /etc/nginx/nginx.conf:7
2026/01/31 23:34:15 [emerg] 1#1: host not found in upstream "golang-app:8080" in /etc/nginx/nginx.conf:7
2026/01/31 23:34:16 [emerg] 1#1: host not found in upstream "golang-app:8080" in /etc/nginx/nginx.conf:7
2026/01/31 23:34:18 [emerg] 1#1: host not found in upstream "golang-app:8080" in /etc/nginx/nginx.conf:7
2026/01/31 23:34:21 [emerg] 1#1: host not found in upstream "golang-app:8080" in /etc/nginx/nginx.conf:7
2026/01/31 23:34:27 [emerg] 1#1: host not found in upstream "golang-app:8080" in /etc/nginx/nginx.conf:7
2026/01/31 23:34:40 [emerg] 1#1: host not found in upstream "golang-app:8080" in /etc/nginx/nginx.conf:7
2026/01/31 23:35:06 [emerg] 1#1: host not found in upstream "golang-app:8080" in /etc/nginx/nginx.conf:7
2026/01/31 23:35:57 [emerg] 1#1: host not found in upstream "lis-backend:8080" in /etc/nginx/nginx.conf:7
2026/01/31 23:36:58 [emerg] 1#1: host not found in upstream "lis-backend:8080" in /etc/nginx/nginx.conf:7
2026/01/31 23:37:58 [emerg] 1#1: host not found in upstream "lis-backend:8080" in /etc/nginx/nginx.conf:7
2026/01/31 23:38:58 [emerg] 1#1: host not found in upstream "lis-backend:8080" in /etc/nginx/nginx.conf:7
2026/01/31 23:39:59 [emerg] 1#1: host not found in upstream "lis-backend:8080" in /etc/nginx/nginx.conf:7
2026/01/31 23:39:59 [emerg] 1#1: host not found in upstream "lis-backend:8080" in /etc/nginx/nginx.conf:7
2026/01/31 23:39:59 [emerg] 1#1: host not found in upstream "lis-backend:8080" in /etc/nginx/nginx.conf:7
2026/01/31 23:40:00 [emerg] 1#1: host not found in upstream "lis-backend:8080" in /etc/nginx/nginx.conf:7
2026/01/31 23:40:00 [emerg] 1#1: host not found in upstream "lis-backend:8080" in /etc/nginx/nginx.conf:7
2026/01/31 23:40:02 [emerg] 1#1: host not found in upstream "lis-backend:8080" in /etc/nginx/nginx.conf:7
2026/01/31 23:40:05 [emerg] 1#1: host not found in upstream "lis-backend:8080" in /etc/nginx/nginx.conf:7
2026/01/31 23:40:12 [emerg] 1#1: host not found in upstream "lis-backend:8080" in /etc/nginx/nginx.conf:7
2026/01/31 23:40:25 [emerg] 1#1: host not found in upstream "lis-backend:8080" in /etc/nginx/nginx.conf:7
2026/01/31 23:40:50 [emerg] 1#1: host not found in upstream "lis-backend:8080" in /etc/nginx/nginx.conf:7
2026/01/31 23:41:42 [emerg] 1#1: host not found in upstream "lis-backend:8080" in /etc/nginx/nginx.conf:7
2026/01/31 23:42:42 [emerg] 1#1: host not found in upstream "lis-backend:8080" in /etc/nginx/nginx.conf:7
2026/01/31 23:43:42 [emerg] 1#1: host not found in upstream "lis-backend:8080" in /etc/nginx/nginx.conf:7
2026/01/31 23:44:42 [emerg] 1#1: host not found in upstream "lis-backend:8080" in /etc/nginx/nginx.conf:7
2026/01/31 23:45:42 [emerg] 1#1: host not found in upstream "lis-backend:8080" in /etc/nginx/nginx.conf:7
2026/01/31 23:46:42 [emerg] 1#1: host not found in upstream "lis-backend:8080" in /etc/nginx/nginx.conf:7
2026/01/31 23:47:42 [emerg] 1#1: host not found in upstream "lis-backend:8080" in /etc/nginx/nginx.conf:7
2026/01/31 23:48:42 [emerg] 1#1: host not found in upstream "lis-backend:8080" in /etc/nginx/nginx.conf:7
2026/01/31 23:49:43 [emerg] 1#1: host not found in upstream "lis-backend:8080" in /etc/nginx/nginx.conf:7
2026/01/31 23:50:43 [emerg] 1#1: host not found in upstream "lis-backend:8080" in /etc/nginx/nginx.conf:7
2026/01/31 23:51:43 [emerg] 1#1: host not found in upstream "lis-backend:8080" in /etc/nginx/nginx.conf:7
2026/01/31 23:52:43 [emerg] 1#1: host not found in upstream "lis-backend:8080" in /etc/nginx/nginx.conf:7
2026/01/31 23:53:43 [emerg] 1#1: host not found in upstream "lis-backend:8080" in /etc/nginx/nginx.conf:7
2026/01/31 23:54:43 [emerg] 1#1: host not found in upstream "lis-backend:8080" in /etc/nginx/nginx.conf:7
2026/01/31 23:55:43 [emerg] 1#1: host not found in upstream "lis-backend:8080" in /etc/nginx/nginx.conf:7
2026/01/31 23:56:43 [emerg] 1#1: host not found in upstream "lis-backend:8080" in /etc/nginx/nginx.conf:7
2026/01/31 23:57:43 [emerg] 1#1: host not found in upstream "lis-backend:8080" in /etc/nginx/nginx.conf:7
2026/01/31 23:58:44 [emerg] 1#1: host not found in upstream "lis-backend:8080" in /etc/nginx/nginx.conf:7
2026/01/31 23:59:44 [emerg] 1#1: host not found in upstream "lis-backend:8080" in /etc/nginx/nginx.conf:7
2026/02/01 00:00:44 [emerg] 1#1: host not found in upstream "lis-backend:8080" in /etc/nginx/nginx.conf:7
2026/02/01 00:01:44 [emerg] 1#1: host not found in upstream "lis-backend:8080" in /etc/nginx/nginx.conf:7
2026/02/01 00:02:44 [emerg] 1#1: host not found in upstream "lis-backend:8080" in /etc/nginx/nginx.conf:7
2026/02/01 00:03:44 [emerg] 1#1: host not found in upstream "lis-backend:8080" in /etc/nginx/nginx.conf:7
2026/02/01 00:04:44 [emerg] 1#1: host not found in upstream "lis-backend:8080" in /etc/nginx/nginx.conf:7
2026/02/01 00:05:44 [emerg] 1#1: host not found in upstream "lis-backend:8080" in /etc/nginx/nginx.conf:7
2026/02/01 00:06:44 [emerg] 1#1: host not found in upstream "lis-backend:8080" in /etc/nginx/nginx.conf:7
2026/02/01 00:07:44 [emerg] 1#1: host not found in upstream "lis-backend:8080" in /etc/nginx/nginx.conf:7
2026/02/01 00:08:45 [emerg] 1#1: host not found in upstream "lis-backend:8080" in /etc/nginx/nginx.conf:7
2026/02/01 00:09:45 [emerg] 1#1: host not found in upstream "lis-backend:8080" in /etc/nginx/nginx.conf:7
2026/02/01 00:10:45 [emerg] 1#1: host not found in upstream "lis-backend:8080" in /etc/nginx/nginx.conf:7
2026/02/01 00:11:45 [emerg] 1#1: host not found in upstream "lis-backend:8080" in /etc/nginx/nginx.conf:7
2026/02/01 00:12:45 [emerg] 1#1: host not found in upstream "lis-backend:8080" in /etc/nginx/nginx.conf:7
2026/02/01 00:13:45 [emerg] 1#1: host not found in upstream "lis-backend:8080" in /etc/nginx/nginx.conf:7
2026/02/01 00:14:45 [emerg] 1#1: host not found in upstream "lis-backend:8080" in /etc/nginx/nginx.conf:7
2026/02/01 00:15:45 [emerg] 1#1: host not found in upstream "lis-backend:8080" in /etc/nginx/nginx.conf:7
2026/02/01 00:16:45 [emerg] 1#1: host not found in upstream "lis-backend:8080" in /etc/nginx/nginx.conf:7
2026/02/01 00:17:45 [emerg] 1#1: host not found in upstream "lis-backend:8080" in /etc/nginx/nginx.conf:7
2026/02/01 00:18:46 [emerg] 1#1: host not found in upstream "lis-backend:8080" in /etc/nginx/nginx.conf:7
2026/02/01 00:19:46 [emerg] 1#1: host not found in upstream "lis-backend:8080" in /etc/nginx/nginx.conf:7
2026/02/01 00:20:46 [emerg] 1#1: host not found in upstream "lis-backend:8080" in /etc/nginx/nginx.conf:7
2026/02/01 00:21:46 [emerg] 1#1: host not found in upstream "lis-backend:8080" in /etc/nginx/nginx.conf:7
2026/02/01 00:22:46 [emerg] 1#1: host not found in upstream "lis-backend:8080" in /etc/nginx/nginx.conf:7
2026/02/01 00:23:46 [emerg] 1#1: host not found in upstream "lis-backend:8080" in /etc/nginx/nginx.conf:7
2026/02/01 00:24:46 [emerg] 1#1: host not found in upstream "lis-backend:8080" in /etc/nginx/nginx.conf:7
2026/02/01 00:25:46 [emerg] 1#1: host not found in upstream "lis-backend:8080" in /etc/nginx/nginx.conf:7
2026/02/01 00:26:46 [emerg] 1#1: host not found in upstream "lis-backend:8080" in /etc/nginx/nginx.conf:7
2026/02/01 00:27:46 [emerg] 1#1: host not found in upstream "lis-backend:8080" in /etc/nginx/nginx.conf:7
2026/02/01 00:28:47 [emerg] 1#1: host not found in upstream "lis-backend:8080" in /etc/nginx/nginx.conf:7
2026/02/01 00:29:47 [emerg] 1#1: host not found in upstream "lis-backend:8080" in /etc/nginx/nginx.conf:7
2026/02/01 00:30:47 [emerg] 1#1: host not found in upstream "lis-backend:8080" in /etc/nginx/nginx.conf:7
2026/02/01 00:31:47 [emerg] 1#1: host not found in upstream "lis-backend:8080" in /etc/nginx/nginx.conf:7
2026/02/01 00:32:47 [emerg] 1#1: host not found in upstream "lis-backend:8080" in /etc/nginx/nginx.conf:7
2026/02/01 00:33:47 [emerg] 1#1: host not found in upstream "lis-backend:8080" in /etc/nginx/nginx.conf:7
2026/02/01 00:34:47 [emerg] 1#1: host not found in upstream "lis-backend:8080" in /etc/nginx/nginx.conf:7
2026/02/01 00:35:47 [emerg] 1#1: host not found in upstream "lis-backend:8080" in /etc/nginx/nginx.conf:7
2026/02/01 00:36:47 [emerg] 1#1: host not found in upstream "lis-backend:8080" in /etc/nginx/nginx.conf:7
2026/02/01 00:37:47 [emerg] 1#1: host not found in upstream "lis-backend:8080" in /etc/nginx/nginx.conf:7
2026/02/01 00:38:48 [emerg] 1#1: host not found in upstream "lis-backend:8080" in /etc/nginx/nginx.conf:7
2026/02/01 00:39:48 [emerg] 1#1: host not found in upstream "lis-backend:8080" in /etc/nginx/nginx.conf:7
2026/02/01 00:40:48 [emerg] 1#1: host not found in upstream "lis-backend:8080" in /etc/nginx/nginx.conf:7
2026/02/01 00:41:48 [emerg] 1#1: host not found in upstream "lis-backend:8080" in /etc/nginx/nginx.conf:7
2026/02/01 00:42:48 [emerg] 1#1: host not found in upstream "lis-backend:8080" in /etc/nginx/nginx.conf:7
2026/02/01 00:43:48 [emerg] 1#1: host not found in upstream "lis-backend:8080" in /etc/nginx/nginx.conf:7
2026/02/01 00:44:48 [emerg] 1#1: host not found in upstream "lis-backend:8080" in /etc/nginx/nginx.conf:7
2026/02/01 00:45:49 [emerg] 1#1: host not found in upstream "lis-backend:8080" in /etc/nginx/nginx.conf:7
2026/02/01 00:46:49 [emerg] 1#1: host not found in upstream "lis-backend:8080" in /etc/nginx/nginx.conf:7
2026/02/01 00:47:49 [emerg] 1#1: host not found in upstream "lis-backend:8080" in /etc/nginx/nginx.conf:7
2026/02/01 00:48:49 [emerg] 1#1: host not found in upstream "lis-backend:8080" in /etc/nginx/nginx.conf:7
2026/02/01 00:49:49 [emerg] 1#1: host not found in upstream "lis-backend:8080" in /etc/nginx/nginx.conf:7
2026/02/01 00:50:49 [emerg] 1#1: host not found in upstream "lis-backend:8080" in /etc/nginx/nginx.conf:7
2026/02/01 00:51:49 [emerg] 1#1: host not found in upstream "lis-backend:8080" in /etc/nginx/nginx.conf:7
2026/02/01 00:52:49 [emerg] 1#1: host not found in upstream "lis-backend:8080" in /etc/nginx/nginx.conf:7
2026/02/01 00:53:49 [emerg] 1#1: host not found in upstream "lis-backend:8080" in /etc/nginx/nginx.conf:7
2026/02/01 00:54:49 [emerg] 1#1: host not found in upstream "lis-backend:8080" in /etc/nginx/nginx.conf:7
2026/02/01 00:55:50 [emerg] 1#1: host not found in upstream "lis-backend:8080" in /etc/nginx/nginx.conf:7
2026/02/01 00:56:50 [emerg] 1#1: host not found in upstream "lis-backend:8080" in /etc/nginx/nginx.conf:7
2026/02/01 00:57:50 [emerg] 1#1: host not found in upstream "lis-backend:8080" in /etc/nginx/nginx.conf:7
2026/02/01 00:58:50 [emerg] 1#1: host not found in upstream "lis-backend:8080" in /etc/nginx/nginx.conf:7
2026/02/01 00:59:50 [emerg] 1#1: host not found in upstream "lis-backend:8080" in /etc/nginx/nginx.conf:7
2026/02/01 01:00:50 [emerg] 1#1: host not found in upstream "lis-backend:8080" in /etc/nginx/nginx.conf:7
2026/02/01 01:01:50 [emerg] 1#1: host not found in upstream "lis-backend:8080" in /etc/nginx/nginx.conf:7
2026/02/01 01:02:50 [emerg] 1#1: host not found in upstream "lis-backend:8080" in /etc/nginx/nginx.conf:7
2026/02/01 01:03:50 [emerg] 1#1: host not found in upstream "lis-backend:8080" in /etc/nginx/nginx.conf:7
2026/02/01 01:04:51 [emerg] 1#1: host not found in upstream "lis-backend:8080" in /etc/nginx/nginx.conf:7
2026/02/01 01:05:51 [emerg] 1#1: host not found in upstream "lis-backend:8080" in /etc/nginx/nginx.conf:7
2026/02/01 01:06:51 [emerg] 1#1: host not found in upstream "lis-backend:8080" in /etc/nginx/nginx.conf:7
2026/02/01 01:07:51 [emerg] 1#1: host not found in upstream "lis-backend:8080" in /etc/nginx/nginx.conf:7
2026/02/01 01:08:51 [emerg] 1#1: host not found in upstream "lis-backend:4000" in /etc/nginx/nginx.conf:7
2026/02/01 01:09:51 [emerg] 1#1: host not found in upstream "lis-backend:4000" in /etc/nginx/nginx.conf:7
2026/02/01 01:10:51 [emerg] 1#1: host not found in upstream "lis-backend:4000" in /etc/nginx/nginx.conf:7
2026/02/01 04:12:45 [error] 30#30: *1 connect() failed (111: Connection refused) while connecting to upstream, client: 168.231.119.156, server: localhost, request: "POST /api/v1/device-messages HTTP/1.1", upstream: "http://172.18.0.3:80/api/v1/device-messages", host: "localhost:8880"
2026/02/01 04:18:18 [error] 30#30: *1 open() "/etc/nginx/html/api/v1/device-messages" failed (2: No such file or directory), client: 168.231.119.156, server: localhost, request: "POST /api/v1/device-messages HTTP/1.1", host: "localhost:8880"
2026/02/01 04:18:19 [error] 30#30: *2 open() "/etc/nginx/html/api/v1/device-messages" failed (2: No such file or directory), client: 168.231.119.156, server: localhost, request: "POST /api/v1/device-messages HTTP/1.1", host: "localhost:8880"
2026/02/01 04:18:21 [error] 30#30: *3 open() "/etc/nginx/html/api/v1/device-messages" failed (2: No such file or directory), client: 168.231.119.156, server: localhost, request: "POST /api/v1/device-messages HTTP/1.1", host: "localhost:8880"
2026/02/01 04:19:20 [error] 30#30: *4 open() "/etc/nginx/html/api/v1/device-messages" failed (2: No such file or directory), client: 168.231.119.156, server: localhost, request: "POST /api/v1/device-messages HTTP/1.1", host: "localhost:8880"
2026/02/01 04:23:20 [error] 30#30: *1 upstream prematurely closed connection while reading response header from upstream, client: 168.231.119.156, server: localhost, request: "POST /api/v1/device-messages HTTP/1.1", upstream: "http://172.18.0.3:4000/api/v1/device-messages", host: "localhost:8880"
2026/02/01 04:26:40 [error] 30#30: *1 upstream prematurely closed connection while reading response header from upstream, client: 168.231.119.156, server: localhost, request: "POST /api/v1/device-messages HTTP/1.1", upstream: "http://172.18.0.3:4000/api/v1/device-messages", host: "localhost:8880"
